d:\software_workspace\vs2015\language_c++\qt_develop\numbaseconversor\numbaseconversor\x64\debug\vc140.pdb
d:\software_workspace\vs2015\language_c++\qt_develop\numbaseconversor\numbaseconversor\x64\debug\numbaseconversor.obj
d:\software_workspace\vs2015\language_c++\qt_develop\numbaseconversor\numbaseconversor\x64\debug\mainwin.obj
d:\software_workspace\vs2015\language_c++\qt_develop\numbaseconversor\numbaseconversor\x64\debug\main.obj
d:\software_workspace\vs2015\language_c++\qt_develop\numbaseconversor\numbaseconversor\x64\debug\moc_mainwin.obj
d:\software_workspace\vs2015\language_c++\qt_develop\numbaseconversor\numbaseconversor\x64\debug\qrc_mainwin.obj
d:\software_workspace\vs2015\language_c++\qt_develop\numbaseconversor\numbaseconversor\generatedfiles\debug\moc_mainwin.cpp
d:\software_workspace\vs2015\language_c++\qt_develop\numbaseconversor\numbaseconversor\generatedfiles\ui_mainwin.h
d:\software_workspace\vs2015\language_c++\qt_develop\numbaseconversor\numbaseconversor\generatedfiles\qrc_mainwin.cpp
d:\software_workspace\vs2015\language_c++\qt_develop\numbaseconversor\x64\debug\numbaseconversor.ilk
d:\software_workspace\vs2015\language_c++\qt_develop\numbaseconversor\x64\debug\numbaseconversor.exe
d:\software_workspace\vs2015\language_c++\qt_develop\numbaseconversor\x64\debug\numbaseconversor.pdb
d:\software_workspace\vs2015\language_c++\qt_develop\numbaseconversor\numbaseconversor\x64\debug\numbaseconversor.tlog\cl.command.1.tlog
d:\software_workspace\vs2015\language_c++\qt_develop\numbaseconversor\numbaseconversor\x64\debug\numbaseconversor.tlog\cl.read.1.tlog
d:\software_workspace\vs2015\language_c++\qt_develop\numbaseconversor\numbaseconversor\x64\debug\numbaseconversor.tlog\cl.write.1.tlog
d:\software_workspace\vs2015\language_c++\qt_develop\numbaseconversor\numbaseconversor\x64\debug\numbaseconversor.tlog\custombuild.command.1.tlog
d:\software_workspace\vs2015\language_c++\qt_develop\numbaseconversor\numbaseconversor\x64\debug\numbaseconversor.tlog\custombuild.read.1.tlog
d:\software_workspace\vs2015\language_c++\qt_develop\numbaseconversor\numbaseconversor\x64\debug\numbaseconversor.tlog\custombuild.write.1.tlog
d:\software_workspace\vs2015\language_c++\qt_develop\numbaseconversor\numbaseconversor\x64\debug\numbaseconversor.tlog\link.command.1.tlog
d:\software_workspace\vs2015\language_c++\qt_develop\numbaseconversor\numbaseconversor\x64\debug\numbaseconversor.tlog\link.read.1.tlog
d:\software_workspace\vs2015\language_c++\qt_develop\numbaseconversor\numbaseconversor\x64\debug\numbaseconversor.tlog\link.write.1.tlog
